[90m5:36PM[0m [32mINF[0m [1m🐶 K9s starting up...[0m
[90m5:36PM[0m [31mERR[0m [1mFail to locate metrics-server[0m [36merror=[0m[31m[1m"the server could not find the requested resource"[0m[0m
[90m5:36PM[0m [33mWRN[0m [1mSave failed. no active config detected[0m
[90m5:36PM[0m [31mERR[0m [1mconfig refine failed[0m [36merror=[0m[31m[1m"unable to activate context \"\": getcontext - invalid context specified: \"\""[0m[0m
[90m5:36PM[0m [31mERR[0m [1mcan't connect to cluster[0m [36merror=[0m[31m[1m"the server could not find the requested resource"[0m[0m
[90m5:36PM[0m [32mINF[0m [1m✅ Kubernetes connectivity[0m
[90m5:36PM[0m [33mWRN[0m [1mSave failed. no active config detected[0m
[90m5:36PM[0m [31mERR[0m [1mFail to load global/context configuration[0m [36merror=[0m[31m[1m"the server could not find the requested resource\nunable to activate context \"\": getcontext - invalid context specified: \"\"\ncannot connect to context: \nk8s connection failed for context: "[0m[0m
[90m5:36PM[0m [31mERR[0m [1mUnable to assert active namespace. Using default[0m [36merror=[0m[31m[1m"getcontext - invalid context specified: \"\""[0m[0m
[90m5:36PM[0m [31mERR[0m [1mLoad cluster resources - No API server connection[0m
[90m5:36PM[0m [31mERR[0m [1mfailed to list contexts[0m [36merror=[0m[31m[1m"no connection"[0m[0m
[90m5:36PM[0m [33mWRN[0m [1mUnable to dial discovery API[0m [36merror=[0m[31m[1m"no connection to dial"[0m[0m
[90m5:36PM[0m [31mERR[0m [1mUnable to assert active namespace. Using default[0m [36merror=[0m[31m[1m"getcontext - invalid context specified: \"\""[0m[0m
[90m5:36PM[0m [31mERR[0m [1mUnable to assert active namespace. Using default[0m [36merror=[0m[31m[1m"getcontext - invalid context specified: \"\""[0m[0m
[90m5:36PM[0m [31mERR[0m [1mUnable to assert active namespace. Using default[0m [36merror=[0m[31m[1m"getcontext - invalid context specified: \"\""[0m[0m
[90m5:36PM[0m [31mERR[0m [1mUnable to assert active namespace. Using default[0m [36merror=[0m[31m[1m"getcontext - invalid context specified: \"\""[0m[0m
[90m5:36PM[0m [31mERR[0m [1mcan't connect to cluster[0m [36merror=[0m[31m[1m"the server could not find the requested resource"[0m[0m
[90m5:36PM[0m [31mERR[0m [1mLoad cluster resources - No API server connection[0m
[90m5:36PM[0m [33mWRN[0m [1mUnable to dial discovery API[0m [36merror=[0m[31m[1m"no connection to dial"[0m[0m
[90m5:36PM[0m [33mWRN[0m [1mPlugins load failed: getcontext - invalid context specified: ""[0m
[90m5:36PM[0m [33mWRN[0m [1mPlugins load failed: getcontext - invalid context specified: ""[0m
[90m5:36PM[0m [33mWRN[0m [1mPlugins load failed: getcontext - invalid context specified: ""[0m
[90m5:36PM[0m [33mWRN[0m [1mPlugins load failed: getcontext - invalid context specified: ""[0m
[90m5:36PM[0m [33mWRN[0m [1mSave failed. no active config detected[0m
[90m5:36PM[0m [31mERR[0m [1mnuking k9s shell pod[0m [36merror=[0m[31m[1m"getcontext - invalid context specified: \"\""[0m[0m
[90m5:36PM[0m [33mWRN[0m [1mSave failed. no active config detected[0m
[90m5:36PM[0m [32mINF[0m [1m🐶 K9s starting up...[0m
[90m5:36PM[0m [31mERR[0m [1mFail to locate metrics-server[0m [36merror=[0m[31m[1m"the server could not find the requested resource"[0m[0m
[90m5:36PM[0m [31mERR[0m [1mconfig refine failed[0m [36merror=[0m[31m[1m"unable to activate context \"\": getcontext - invalid context specified: \"\""[0m[0m
[90m5:36PM[0m [31mERR[0m [1mcan't connect to cluster[0m [36merror=[0m[31m[1m"the server could not find the requested resource"[0m[0m
[90m5:36PM[0m [32mINF[0m [1m✅ Kubernetes connectivity[0m
[90m5:36PM[0m [33mWRN[0m [1mSave failed. no active config detected[0m
[90m5:36PM[0m [31mERR[0m [1mFail to load global/context configuration[0m [36merror=[0m[31m[1m"the server could not find the requested resource\nunable to activate context \"\": getcontext - invalid context specified: \"\"\ncannot connect to context: \nk8s connection failed for context: "[0m[0m
[90m5:36PM[0m [31mERR[0m [1mUnable to assert active namespace. Using default[0m [36merror=[0m[31m[1m"getcontext - invalid context specified: \"\""[0m[0m
[90m5:36PM[0m [31mERR[0m [1mLoad cluster resources - No API server connection[0m
[90m5:36PM[0m [31mERR[0m [1mfailed to list contexts[0m [36merror=[0m[31m[1m"no connection"[0m[0m
[90m5:36PM[0m [33mWRN[0m [1mUnable to dial discovery API[0m [36merror=[0m[31m[1m"no connection to dial"[0m[0m
[90m5:36PM[0m [31mERR[0m [1mUnable to assert active namespace. Using default[0m [36merror=[0m[31m[1m"getcontext - invalid context specified: \"\""[0m[0m
[90m5:36PM[0m [31mERR[0m [1mUnable to assert active namespace. Using default[0m [36merror=[0m[31m[1m"getcontext - invalid context specified: \"\""[0m[0m
[90m5:36PM[0m [31mERR[0m [1mUnable to assert active namespace. Using default[0m [36merror=[0m[31m[1m"getcontext - invalid context specified: \"\""[0m[0m
[90m5:36PM[0m [31mERR[0m [1mUnable to assert active namespace. Using default[0m [36merror=[0m[31m[1m"getcontext - invalid context specified: \"\""[0m[0m
[90m5:36PM[0m [31mERR[0m [1mcan't connect to cluster[0m [36merror=[0m[31m[1m"the server could not find the requested resource"[0m[0m
[90m5:36PM[0m [31mERR[0m [1mLoad cluster resources - No API server connection[0m
[90m5:36PM[0m [33mWRN[0m [1mUnable to dial discovery API[0m [36merror=[0m[31m[1m"no connection to dial"[0m[0m
[90m5:36PM[0m [33mWRN[0m [1mPlugins load failed: getcontext - invalid context specified: ""[0m
[90m5:36PM[0m [33mWRN[0m [1mPlugins load failed: getcontext - invalid context specified: ""[0m
[90m5:36PM[0m [33mWRN[0m [1mPlugins load failed: getcontext - invalid context specified: ""[0m
[90m5:36PM[0m [33mWRN[0m [1mSave failed. no active config detected[0m
[90m5:36PM[0m [31mERR[0m [1mnuking k9s shell pod[0m [36merror=[0m[31m[1m"getcontext - invalid context specified: \"\""[0m[0m
[90m5:36PM[0m [33mWRN[0m [1mSave failed. no active config detected[0m
[90m5:36PM[0m [32mINF[0m [1m🐶 K9s starting up...[0m
[90m5:36PM[0m [31mERR[0m [1mFail to locate metrics-server[0m [36merror=[0m[31m[1m"No metrics api group metrics.k8s.io found on cluster"[0m[0m
[90m5:36PM[0m [32mINF[0m [1m✅ Kubernetes connectivity[0m
[90m5:39PM[0m [32mINF[0m [1m🐶 K9s starting up...[0m
[90m5:39PM[0m [31mERR[0m [1mFail to locate metrics-server[0m [36merror=[0m[31m[1m"No metrics api group metrics.k8s.io found on cluster"[0m[0m
[90m5:39PM[0m [32mINF[0m [1m✅ Kubernetes connectivity[0m
[90m5:40PM[0m [32mINF[0m [1m🐶 K9s starting up...[0m
[90m5:40PM[0m [31mERR[0m [1mFail to locate metrics-server[0m [36merror=[0m[31m[1m"No metrics api group metrics.k8s.io found on cluster"[0m[0m
[90m5:40PM[0m [32mINF[0m [1m✅ Kubernetes connectivity[0m
[90m10:19AM[0m [32mINF[0m [1m🐶 K9s starting up...[0m
[90m10:19AM[0m [31mERR[0m [1mFail to locate metrics-server[0m [36merror=[0m[31m[1m"No metrics api group metrics.k8s.io found on cluster"[0m[0m
[90m10:19AM[0m [32mINF[0m [1m✅ Kubernetes connectivity[0m
[90m10:21AM[0m [32mINF[0m [1m🐶 K9s starting up...[0m
[90m10:21AM[0m [31mERR[0m [1mFail to locate metrics-server[0m [36merror=[0m[31m[1m"No metrics api group metrics.k8s.io found on cluster"[0m[0m
[90m10:21AM[0m [32mINF[0m [1m✅ Kubernetes connectivity[0m
[90m10:22AM[0m [32mINF[0m [1m🐶 K9s starting up...[0m
[90m10:22AM[0m [31mERR[0m [1mFail to locate metrics-server[0m [36merror=[0m[31m[1m"No metrics api group metrics.k8s.io found on cluster"[0m[0m
[90m10:22AM[0m [32mINF[0m [1m✅ Kubernetes connectivity[0m
[90m10:28AM[0m [32mINF[0m [1m🐶 K9s starting up...[0m
[90m10:28AM[0m [31mERR[0m [1mFail to locate metrics-server[0m [36merror=[0m[31m[1m"No metrics api group metrics.k8s.io found on cluster"[0m[0m
[90m10:28AM[0m [32mINF[0m [1m✅ Kubernetes connectivity[0m
[90m10:29AM[0m [32mINF[0m [1m🐶 K9s starting up...[0m
[90m10:29AM[0m [31mERR[0m [1mFail to locate metrics-server[0m [36merror=[0m[31m[1m"No metrics api group metrics.k8s.io found on cluster"[0m[0m
[90m10:29AM[0m [32mINF[0m [1m✅ Kubernetes connectivity[0m
[90m7:07PM[0m [32mINF[0m [1m🐶 K9s starting up...[0m
[90m7:07PM[0m [31mERR[0m [1mFail to locate metrics-server[0m [36merror=[0m[31m[1m"Get \"https://127.0.0.1:26443/api\": dial tcp 127.0.0.1:26443: connect: connection refused"[0m[0m
[90m7:07PM[0m [33mWRN[0m [1mnamespace validation failed for: "default"[0m [36merror=[0m[31m[1m"user not authorized to list all namespaces"[0m[0m
[90m7:07PM[0m [33mWRN[0m [1mnamespace validation failed for: "default"[0m [36merror=[0m[31m[1m"user not authorized to list all namespaces"[0m[0m
[90m7:07PM[0m [31mERR[0m [1mcan't connect to cluster[0m [36merror=[0m[31m[1m"Get \"https://127.0.0.1:26443/version?timeout=15s\": dial tcp 127.0.0.1:26443: connect: connection refused"[0m[0m
[90m7:07PM[0m [32mINF[0m [1m✅ Kubernetes connectivity[0m
[90m7:07PM[0m [31mERR[0m [1mFail to load global/context configuration[0m [36merror=[0m[31m[1m"Get \"https://127.0.0.1:26443/api\": dial tcp 127.0.0.1:26443: connect: connection refused\ncannot connect to context: orbstack\nk8s connection failed for context: orbstack"[0m[0m
[90m7:07PM[0m [31mERR[0m [1mLoad cluster resources - No API server connection[0m
[90m7:07PM[0m [31mERR[0m [1mfailed to list contexts[0m [36merror=[0m[31m[1m"no connection"[0m[0m
[90m7:07PM[0m [33mWRN[0m [1mUnable to dial discovery API[0m [36merror=[0m[31m[1m"no connection to dial"[0m[0m
[90m7:07PM[0m [31mERR[0m [1mcan't connect to cluster[0m [36merror=[0m[31m[1m"Get \"https://127.0.0.1:26443/version?timeout=15s\": dial tcp 127.0.0.1:26443: connect: connection refused"[0m[0m
[90m7:07PM[0m [31mERR[0m [1mLoad cluster resources - No API server connection[0m
[90m7:07PM[0m [33mWRN[0m [1mUnable to dial discovery API[0m [36merror=[0m[31m[1m"no connection to dial"[0m[0m
[90m7:07PM[0m [33mWRN[0m [1mnamespace validation failed for: "default"[0m [36merror=[0m[31m[1m"user not authorized to list all namespaces"[0m[0m
